│                     │                             │       │                                │          │           │                 │ ProcessGuid: E6B7B79E-1600-642 │
│                     │                             │       │                                │          │           │                 │ 4-5A00-000000000300            │
│                     │                             │       │                                │          │           │                 │ ProcessId: 3836                │
│                     │                             │       │                                │          │           │                 │ Product: Microsoft® .NET Frame │
│                     │                             │       │                                │          │           │                 │ work                           │
│                     │                             │       │                                │          │           │                 │ RuleName: '-'                  │
│                     │                             │       │                                │          │           │                 │ TerminalSessionId: 0           │
│                     │                             │       │                                │          │           │                 │ User: NT AUTHORITY\SYSTEM      │
│                     │                             │       │                                │          │           │                 │ UtcTime: 2023-03-29 10:42:08.7 │
│                     │                             │       │                                │          │           │                 │ 70                             │
├─────────────────────┼─────────────────────────────┼───────┼────────────────────────────────┼──────────┼───────────┼─────────────────┼────────────────────────────────┤
│ 2023-03-29 10:42:08 │ ‣ Potential Defense Evasion │ 1     │ Microsoft-Windows-Sysmon       │ 1        │ 305       │ DESKTOP-3SJSFTI │ CommandLine: C:\Windows\Micros │
│                     │ Via Raw Disk Access By      │       │                                │          │           │                 │ oft.NET\Framework64\v4.0.30319 │
│                     │ Uncommon Tools              │       │                                │          │           │                 │ \mscorsvw.exe -StartupEvent 20 │
│                     │                             │       │                                │          │           │                 │ 0 -InterruptEvent 0 -NGENProce │
│                     │                             │       │                                │          │           │                 │ ss 1c0 -Pipe 1c4 -Comment "NGe │
│                     │                             │       │                                │          │           │                 │ n Worker Process"              │
│                     │                             │       │                                │          │           │                 │ Company: Microsoft Corporation │
│                     │                             │       │                                │          │           │                 │ CurrentDirectory: C:\Windows\s │
│                     │                             │       │                                │          │           │                 │ ystem32\                       │
│                     │                             │       │                                │          │           │                 │ Description: .NET Runtime Opti │
│                     │                             │       │                                │          │           │                 │ mization Service               │
│                     │                             │       │                                │          │           │                 │ FileVersion: '4.8.4320.0 built │
│                     │                             │       │                                │          │           │                 │  by: NET48REL1LAST_C'          │
│                     │                             │       │                                │          │           │                 │ Hashes: SHA256=DA1087BA2641EFD │
│                     │                             │       │                                │          │           │                 │ 77D85E5838AEB6C333E80CAA9F24C8 │
│                     │                             │       │                                │          │           │                 │ 89FD2DE2E0B58F8D1A5            │
│                     │                             │       │                                │          │           │                 │ Image: C:\Windows\Microsoft.NE │
│                     │                             │       │                                │          │           │                 │ T\Framework64\v4.0.30319\mscor │
│                     │                             │       │                                │          │           │                 │ svw.exe                        │
│                     │                             │       │                                │          │           │                 │ IntegrityLevel: System         │
│                     │                             │       │                                │          │           │                 │ LogonGuid: E6B7B79E-15EE-6424- │
│                     │                             │       │                                │          │           │                 │ E703-000000000000              │
│                     │                             │       │                                │          │           │                 │ LogonId: '0x3e7'               │
│                     │                             │       │                                │          │           │                 │ OriginalFileName: mscorsvw.exe │
│                     │                             │       │                                │          │           │                 │ ParentCommandLine: C:\Windows\ │
│                     │                             │       │                                │          │           │                 │ Microsoft.NET\Framework64\v4.0 │
│                     │                             │       │                                │          │           │                 │ .30319\Ngen.exe Update /Queue  │
│                     │                             │       │                                │          │           │                 │ /Delay                         │
│                     │                             │       │                                │          │           │                 │ ParentImage: C:\Windows\Micros │
│                     │                             │       │                                │          │           │                 │ oft.NET\Framework64\v4.0.30319 │
│                     │                             │       │                                │          │           │                 │ \ngen.exe                      │
│                     │                             │       │                                │          │           │                 │ ParentProcessGuid: E6B7B79E-16 │
│                     │                             │       │                                │          │           │                 │ 00-6424-5700-000000000300      │
│                     │                             │       │                                │          │           │                 │ ParentProcessId: 3364          │
│                     │                             │       │                                │          │           │                 │ ParentUser: NT AUTHORITY\SYSTE │
│                     │                             │       │                                │          │           │                 │ M                              │
│                     │                             │       │                                │          │           │                 │ ProcessGuid: E6B7B79E-1600-642 │
│                     │                             │       │                                │          │           │                 │ 4-5B00-000000000300            │
│                     │                             │       │                                │          │           │                 │ ProcessId: 3348                │
│                     │                             │       │                                │          │           │                 │ Product: Microsoft® .NET Frame │
│                     │                             │       │                                │          │           │                 │ work                           │
│                     │                             │       │                                │          │           │                 │ RuleName: '-'                  │
│                     │                             │       │                                │          │           │                 │ TerminalSessionId: 0           │
│                     │                             │       │                                │          │           │                 │ User: NT AUTHORITY\SYSTEM      │
│                     │                             │       │                                │          │           │                 │ UtcTime: 2023-03-29 10:42:08.8 │
│                     │                             │       │                                │          │           │                 │ 43                             │
├─────────────────────┼─────────────────────────────┼───────┼────────────────────────────────┼──────────┼───────────┼─────────────────┼────────────────────────────────┤
│ 2023-03-29 10:42:09 │ ‣ Potential Defense Evasion │ 1     │ Microsoft-Windows-Sysmon       │ 1        │ 306       │ DESKTOP-3SJSFTI │ CommandLine: C:\Windows\Micros │
│                     │ Via Raw Disk Access By      │       │                                │          │           │                 │ oft.NET\Framework64\v4.0.30319 │
│                     │ Uncommon Tools              │       │                                │          │           │                 │ \mscorsvw.exe -StartupEvent 25 │
│                     │                             │       │                                │          │           │                 │ 0 -InterruptEvent 0 -NGENProce │
│                     │                             │       │                                │          │           │                 │ ss 1bc -Pipe 20c -Comment "NGe │
│                     │                             │       │                                │          │           │                 │ n Worker Process"              │
│                     │                             │       │                                │          │           │                 │ Company: Microsoft Corporation │
│                     │                             │       │                                │          │           │                 │ CurrentDirectory: C:\Windows\s │
│                     │                             │       │                                │          │           │                 │ ystem32\                       │
│                     │                             │       │                                │          │           │                 │ Description: .NET Runtime Opti │
│                     │                             │       │                                │          │           │                 │ mization Service               │
│                     │                             │       │                                │          │           │                 │ FileVersion: '4.8.4320.0 built │
│                     │                             │       │                                │          │           │                 │  by: NET48REL1LAST_C'          │
│                     │                             │       │                                │          │           │                 │ Hashes: SHA256=DA1087BA2641EFD │
│                     │                             │       │                                │          │           │                 │ 77D85E5838AEB6C333E80CAA9F24C8 │
│                     │                             │       │                                │          │           │                 │ 89FD2DE2E0B58F8D1A5            │
│                     │                             │       │                                │          │           │                 │ Image: C:\Windows\Microsoft.NE │
│                     │                             │       │                                │          │           │                 │ T\Framework64\v4.0.30319\mscor │
│                     │                             │       │                                │          │           │                 │ svw.exe                        │
│                     │                             │       │                                │          │           │                 │ IntegrityLevel: System         │
│                     │                             │       │                                │          │           │                 │ LogonGuid: E6B7B79E-15EE-6424- │
│                     │                             │       │                                │          │           │                 │ E703-000000000000              │
│                     │                             │       │                                │          │           │                 │ LogonId: '0x3e7'               │
│                     │                             │       │                                │          │           │                 │ OriginalFileName: mscorsvw.exe │
│                     │                             │       │                                │          │           │                 │ ParentCommandLine: C:\Windows\ │
│                     │                             │       │                                │          │           │                 │ Microsoft.NET\Framework64\v4.0 │
│                     │                             │       │                                │          │           │                 │ .30319\Ngen.exe Update /Queue  │
│                     │                             │       │                                │          │           │                 │ /Delay                         │
│                     │                             │       │                                │          │           │                 │ ParentImage: C:\Windows\Micros │
│                     │                             │       │                                │          │           │                 │ oft.NET\Framework64\v4.0.30319 │
│                     │                             │       │                                │          │           │                 │ \ngen.exe                      │
│                     │                             │       │                                │          │           │                 │ ParentProcessGuid: E6B7B79E-16 │
│                     │                             │       │                                │          │           │                 │ 00-6424-5700-000000000300      │
│                     │                             │       │                                │          │           │                 │ ParentProcessId: 3364          │
│                     │                             │       │                                │          │           │                 │ ParentUser: NT AUTHORITY\SYSTE │
│                     │                             │       │                                │          │           │                 │ M                              │
│                     │                             │       │                                │          │           │                 │ ProcessGuid: E6B7B79E-1601-642 │
│                     │                             │       │                                │          │           │                 │ 4-5C00-000000000300            │
│                     │                             │       │                                │          │           │                 │ ProcessId: 3376                │
│                     │                             │       │                                │          │           │                 │ Product: Microsoft® .NET Frame │
│                     │                             │       │                                │          │           │                 │ work                           │
│                     │                             │       │                                │          │           │                 │ RuleName: '-'                  │
│                     │                             │       │                                │          │           │                 │ TerminalSessionId: 0           │
│                     │                             │       │                                │          │           │                 │ User: NT AUTHORITY\SYSTEM      │
│                     │                             │       │                                │          │           │                 │ UtcTime: 2023-03-29 10:42:09.2 │
│                     │                             │       │                                │          │           │                 │ 51                             │
├─────────────────────┼─────────────────────────────┼───────┼────────────────────────────────┼──────────┼───────────┼─────────────────┼────────────────────────────────┤
│ 2023-03-29 10:42:09 │ ‣ Potential Defense Evasion │ 1     │ Microsoft-Windows-Sysmon       │ 5        │ 307       │ DESKTOP-3SJSFTI │ Image: C:\Windows\Microsoft.NE │
│                     │ Via Raw Disk Access By      │       │                                │          │           │                 │ T\Framework64\v4.0.30319\mscor │
│                     │ Uncommon Tools              │       │                                │          │           │                 │ svw.exe                        │
│                     │                             │       │                                │          │           │                 │ ProcessGuid: E6B7B79E-1600-642 │
│                     │                             │       │                                │          │           │                 │ 4-5B00-000000000300            │
│                     │                             │       │                                │          │           │                 │ ProcessId: 3348                │
│                     │                             │       │                                │          │           │                 │ RuleName: '-'                  │
│                     │                             │       │                                │          │           │                 │ User: NT AUTHORITY\SYSTEM      │
│                     │                             │       │                                │          │           │                 │ UtcTime: 2023-03-29 10:42:09.2 │
│                     │                             │       │                                │          │           │                 │ 52                             │
├─────────────────────┼─────────────────────────────┼───────┼────────────────────────────────┼──────────┼───────────┼─────────────────┼────────────────────────────────┤
│ 2023-03-29 10:42:09 │ ‣ Potential Defense Evasion │ 1     │ Microsoft-Windows-Sysmon       │ 1        │ 308       │ DESKTOP-3SJSFTI │ CommandLine: C:\Windows\Micros │
│                     │ Via Raw Disk Access By      │       │                                │          │           │                 │ oft.NET\Framework\v4.0.30319\m │
│                     │ Uncommon Tools              │       │                                │          │           │                 │ scorsvw.exe -StartupEvent 2c4  │
│                     │                             │       │                                │          │           │                 │ -InterruptEvent 0 -NGENProcess │
│                     │                             │       │                                │          │           │                 │  2b8 -Pipe 2c0 -Comment "NGen  │
│                     │                             │       │                                │          │           │                 │ Worker Process"                │
│                     │                             │       │                                │          │           │                 │ Company: Microsoft Corporation │
│                     │                             │       │                                │          │           │                 │ CurrentDirectory: C:\Windows\s │
│                     │                             │       │                                │          │           │                 │ ystem32\                       │
│                     │                             │       │                                │          │           │                 │ Description: .NET Runtime Opti │
│                     │                             │       │                                │          │           │                 │ mization Service               │
│                     │                             │       │                                │          │           │                 │ FileVersion: '4.8.4320.0 built │
│                     │                             │       │                                │          │           │                 │  by: NET48REL1LAST_C'          │
│                     │                             │       │                                │          │           │                 │ Hashes: SHA256=3E5099F57360192 │
│                     │                             │       │                                │          │           │                 │ 6E59862FBA2495974688E72677C73F │
│                     │                             │       │                                │          │           │                 │ 10E4C99E26A76CDCF37            │
│                     │                             │       │                                │          │           │                 │ Image: C:\Windows\Microsoft.NE │
│                     │                             │       │                                │          │           │                 │ T\Framework\v4.0.30319\mscorsv │
│                     │                             │       │                                │          │           │                 │ w.exe                          │
│                     │                             │       │                                │          │           │                 │ IntegrityLevel: System         │
│                     │                             │       │                                │          │           │                 │ LogonGuid: E6B7B79E-15EE-6424- │
│                     │                             │       │                                │          │           │                 │ E703-000000000000              │
│                     │                             │       │                                │          │           │                 │ LogonId: '0x3e7'               │
│                     │                             │       │                                │          │           │                 │ OriginalFileName: mscorsvw.exe │
│                     │                             │       │                                │          │           │                 │ ParentCommandLine: C:\Windows\ │
│                     │                             │       │                                │          │           │                 │ Microsoft.NET\Framework\v4.0.3 │
│                     │                             │       │                                │          │           │                 │ 0319\Ngen.exe Update /Queue /D │
│                     │                             │       │                                │          │           │                 │ elay                           │
│                     │                             │       │                                │          │           │                 │ ParentImage: C:\Windows\Micros │
│                     │                             │       │                                │          │           │                 │ oft.NET\Framework\v4.0.30319\n │
│                     │                             │       │                                │          │           │                 │ gen.exe                        │
│                     │                             │       │                                │          │           │                 │ ParentProcessGuid: E6B7B79E-15 │
│                     │                             │       │                                │          │           │                 │ FF-6424-5600-000000000300      │
│                     │                             │       │                                │          │           │                 │ ParentProcessId: 2104          │
│                     │                             │       │                                │          │           │                 │ ParentUser: NT AUTHORITY\SYSTE │
│                     │                             │       │                                │          │           │                 │ M                              │
│                     │                             │       │                                │          │           │                 │ ProcessGuid: E6B7B79E-1601-642 │
│                     │                             │       │                                │          │           │                 │ 4-5D00-000000000300            │
│                     │                             │       │                                │          │           │                 │ ProcessId: 1760                │
│                     │                             │       │                                │          │           │                 │ Product: Microsoft® .NET Frame │
│                     │                             │       │                                │          │           │                 │ work                           │
│                     │                             │       │                                │          │           │                 │ RuleName: '-'                  │
│                     │                             │       │                                │          │           │                 │ TerminalSessionId: 0           │
│                     │                             │       │                                │          │           │                 │ User: NT AUTHORITY\SYSTEM      │
│                     │                             │       │                                │          │           │                 │ UtcTime: 2023-03-29 10:42:09.3 │
│                     │                             │       │                                │          │           │                 │ 73                             │
├─────────────────────┼─────────────────────────────┼───────┼────────────────────────────────┼──────────┼───────────┼─────────────────┼────────────────────────────────┤
│ 2023-03-29 10:42:09 │ ‣ Potential Defense Evasion │ 1     │ Microsoft-Windows-Sysmon       │ 5        │ 309       │ DESKTOP-3SJSFTI │ Image: C:\Windows\Microsoft.NE │
│                     │ Via Raw Disk Access By      │       │                                │          │           │                 │ T\Framework\v4.0.30319\mscorsv │
│                     │ Uncommon Tools              │       │                                │          │           │                 │ w.exe                          │
│                     │                             │       │                                │          │           │                 │ ProcessGuid: E6B7B79E-1600-642 │
│                     │                             │       │                                │          │           │                 │ 4-5A00-000000000300            │
│                     │                             │       │                                │          │           │                 │ ProcessId: 3836                │
│                     │                             │       │                                │          │           │                 │ RuleName: '-'                  │
│                     │                             │       │                                │          │           │                 │ User: NT AUTHORITY\SYSTEM      │
│                     │                             │       │                                │          │           │                 │ UtcTime: 2023-03-29 10:42:09.3 │
│                     │                             │       │                                │          │           │                 │ 78                             │
├─────────────────────┼─────────────────────────────┼───────┼────────────────────────────────┼──────────┼───────────┼─────────────────┼────────────────────────────────┤
│ 2023-03-29 10:42:09 │ ‣ Potential Defense Evasion │ 1     │ Microsoft-Windows-Sysmon       │ 5        │ 310       │ DESKTOP-3SJSFTI │ Image: C:\Windows\Microsoft.NE │
│                     │ Via Raw Disk Access By      │       │                                │          │           │                 │ T\Framework64\v4.0.30319\mscor │
│                     │ Uncommon Tools              │       │                                │          │           │                 │ svw.exe                        │
│                     │                             │       │                                │          │           │                 │ ProcessGuid: E6B7B79E-1601-642 │
│                     │                             │       │                                │          │           │                 │ 4-5C00-000000000300            │
│                     │                             │       │                                │          │           │                 │ ProcessId: 3376                │
│                     │                             │       │                                │          │           │                 │ RuleName: '-'                  │
│                     │                             │       │                                │          │           │                 │ User: NT AUTHORITY\SYSTEM      │
│                     │                             │       │                                │          │           │                 │ UtcTime: 2023-03-29 10:42:09.4 │
│                     │                             │       │                                │          │           │                 │ 09                             │
├─────────────────────┼─────────────────────────────┼───────┼────────────────────────────────┼──────────┼───────────┼─────────────────┼────────────────────────────────┤
│ 2023-03-29 10:42:09 │ ‣ Potential Defense Evasion │ 1     │ Microsoft-Windows-Sysmon       │ 5        │ 311       │ DESKTOP-3SJSFTI │ Image: C:\Windows\Microsoft.NE │
│                     │ Via Raw Disk Access By      │       │                                │          │           │                 │ T\Framework64\v4.0.30319\ngen. │
│                     │ Uncommon Tools              │       │                                │          │           │                 │ exe                            │
│                     │                             │       │                                │          │           │                 │ ProcessGuid: E6B7B79E-1600-642 │
│                     │                             │       │                                │          │           │                 │ 4-5700-000000000300            │
│                     │                             │       │                                │          │           │                 │ ProcessId: 3364                │
│                     │                             │       │                                │          │           │                 │ RuleName: '-'                  │
│                     │                             │       │                                │          │           │                 │ User: NT AUTHORITY\SYSTEM      │
│                     │                             │       │                                │          │           │                 │ UtcTime: 2023-03-29 10:42:09.4 │
│                     │                             │       │                                │          │           │                 │ 09                             │
├─────────────────────┼─────────────────────────────┼───────┼────────────────────────────────┼──────────┼───────────┼─────────────────┼────────────────────────────────┤
│ 2023-03-29 10:42:09 │ ‣ Potential Defense Evasion │ 1     │ Microsoft-Windows-Sysmon       │ 5        │ 313       │ DESKTOP-3SJSFTI │ Image: C:\Windows\Microsoft.NE │
│                     │ Via Raw Disk Access By      │       │                                │          │           │                 │ T\Framework\v4.0.30319\mscorsv │
│                     │ Uncommon Tools              │       │                                │          │           │                 │ w.exe                          │
│                     │                             │       │                                │          │           │                 │ ProcessGuid: E6B7B79E-1601-642 │
│                     │                             │       │                                │          │           │                 │ 4-5D00-000000000300            │
│                     │                             │       │                                │          │           │                 │ ProcessId: 1760                │
│                     │                             │       │                                │          │           │                 │ RuleName: '-'                  │
│                     │                             │       │                                │          │           │                 │ User: NT AUTHORITY\SYSTEM      │
│                     │                             │       │                                │          │           │                 │ UtcTime: 2023-03-29 10:42:09.4 │
│                     │                             │       │                                │          │           │                 │ 87                             │
├─────────────────────┼─────────────────────────────┼───────┼────────────────────────────────┼──────────┼───────────┼─────────────────┼────────────────────────────────┤
│ 2023-03-29 10:42:09 │ ‣ Potential Defense Evasion │ 1     │ Microsoft-Windows-Sysmon       │ 5        │ 314       │ DESKTOP-3SJSFTI │ Image: C:\Windows\Microsoft.NE │
│                     │ Via Raw Disk Access By      │       │                                │          │           │                 │ T\Framework\v4.0.30319\ngen.ex │
│                     │ Uncommon Tools              │       │                                │          │           │                 │ e                              │
│                     │                             │       │                                │          │           │                 │ ProcessGuid: E6B7B79E-15FF-642 │
│                     │                             │       │                                │          │           │                 │ 4-5600-000000000300            │
│                     │                             │       │                                │          │           │                 │ ProcessId: 2104                │
│                     │                             │       │                                │          │           │                 │ RuleName: '-'                  │
│                     │                             │       │                                │          │           │                 │ User: NT AUTHORITY\SYSTEM      │
│                     │                             │       │                                │          │           │                 │ UtcTime: 2023-03-29 10:42:09.4 │
│                     │                             │       │                                │          │           │                 │ 87                             │
├─────────────────────┼─────────────────────────────┼───────┼────────────────────────────────┼──────────┼───────────┼─────────────────┼────────────────────────────────┤
│ 2023-03-29 10:42:11 │ ‣ User with Privileges      │ 1     │ Microsoft-Windows-Security-Aud │ 4672     │ 6141      │ DESKTOP-3SJSFTI │ PrivilegeList: "SeSecurityPriv │
│                     │ Logon                       │       │ iting                          │          │           │                 │ ilege\r\n\t\t\tSeTakeOwnership │
│                     │                             │       │                                │          │           │                 │ Privilege\r\n\t\t\tSeLoadDrive │
│                     │                             │       │                                │          │           │                 │ rPrivilege\r\n\t\t\tSeBackupPr │
│                     │                             │       │                                │          │           │                 │ ivilege\r\n\t\t\tSeRestorePriv │
│                     │                             │       │                                │          │           │                 │ ilege\r\n\t\t\tSeDebugPrivileg │
│                     │                             │       │                                │          │           │                 │ e\r\n\t\t\tSeSystemEnvironment │
│                     │                             │       │                                │          │           │                 │ Privilege\r\n\t\t\tSeImpersona │
│                     │                             │       │                                │          │           │                 │ tePrivilege\r\n\t\t\tSeDelegat │
│                     │                             │       │                                │          │           │                 │ eSessionUserImpersonatePrivile │
│                     │                             │       │                                │          │           │                 │ ge"                            │
│                     │                             │       │                                │          │           │                 │ SubjectDomainName: MicrosoftAc │
│                     │                             │       │                                │          │           │                 │ count                          │
│                     │                             │       │                                │          │           │                 │ SubjectLogonId: '0x849b1'      │
│                     │                             │       │                                │          │           │                 │ SubjectUserName: pakyacokodok@ │
│                     │                             │       │                                │          │           │                 │ outlook.com                    │
│                     │                             │       │                                │          │           │                 │ SubjectUserSid: S-1-5-21-10240 │
│                     │                             │       │                                │          │           │                 │ 625-2659640715-946422878-1001  │
├─────────────────────┼─────────────────────────────┼───────┼────────────────────────────────┼──────────┼───────────┼─────────────────┼────────────────────────────────┤
│ 2023-03-29 10:42:16 │ ‣ DNS Query Request By      │ 1     │ Microsoft-Windows-Sysmon       │ 1        │ 341       │ DESKTOP-3SJSFTI │ CommandLine: C:\Windows\system │
│                     │ Regsvr32.EXE                │       │                                │          │           │                 │ 32\regsvr32.exe /s "C:\Windows │
│                     │                             │       │                                │          │           │                 │ \system32\spool\drivers\x64\3\ │
│                     │                             │       │                                │          │           │                 │ PrintConfig.dll"               │
│                     │                             │       │                                │          │           │                 │ Company: Microsoft Corporation │
│                     │                             │       │                                │          │           │                 │ CurrentDirectory: C:\Windows\s │
│                     │                             │       │                                │          │           │                 │ ystem32\                       │
│                     │                             │       │                                │          │           │                 │ Description: Microsoft(C) Regi │
│                     │                             │       │                                │          │           │                 │ ster Server                    │
│                     │                             │       │                                │          │           │                 │ FileVersion: 10.0.19041.1 (Win │
│                     │                             │       │                                │          │           │                 │ Build.160101.0800)             │
│                     │                             │       │                                │          │           │                 │ Hashes: SHA256=022CB167A29A32D │
│                     │                             │       │                                │          │           │                 │ AE848BE91AEF721C74F1975AF15180 │
│                     │                             │       │                                │          │           │                 │ 7DAFCC5ED832DB246B7            │
│                     │                             │       │                                │          │           │                 │ Image: C:\Windows\System32\reg │
│                     │                             │       │                                │          │           │                 │ svr32.exe                      │
│                     │                             │       │                                │          │           │                 │ IntegrityLevel: System         │
│                     │                             │       │                                │          │           │                 │ LogonGuid: E6B7B79E-15EE-6424- │
│                     │                             │       │                                │          │           │                 │ E703-000000000000              │
│                     │                             │       │                                │          │           │                 │ LogonId: '0x3e7'               │
│                     │                             │       │                                │          │           │                 │ OriginalFileName: REGSVR32.EXE │
│                     │                             │       │                                │          │           │                 │ ParentCommandLine: C:\Windows\ │
│                     │                             │       │                                │          │           │                 │ System32\spoolsv.exe           │
│                     │                             │       │                                │          │           │                 │ ParentImage: C:\Windows\System │
│                     │                             │       │                                │          │           │                 │ 32\spoolsv.exe                 │
│                     │                             │       │                                │          │           │                 │ ParentProcessGuid: E6B7B79E-15 │
│                     │                             │       │                                │          │           │                 │ F0-6424-3500-000000000300      │
│                     │                             │       │                                │          │           │                 │ ParentProcessId: 2112          │
│                     │                             │       │                                │          │           │                 │ ParentUser: NT AUTHORITY\SYSTE │
│                     │                             │       │                                │          │           │                 │ M                              │
│                     │                             │       │                                │          │           │                 │ ProcessGuid: E6B7B79E-1608-642 │
│                     │                             │       │                                │          │           │                 │ 4-7200-000000000300            │
│                     │                             │       │                                │          │           │                 │ ProcessId: 5092                │
│                     │                             │       │                                │          │           │                 │ Product: Microsoft® Windows® O │
│                     │                             │       │                                │          │           │                 │ perating System                │
│                     │                             │       │                                │          │           │                 │ RuleName: '-'                  │
│                     │                             │       │                                │          │           │                 │ TerminalSessionId: 0           │
│                     │                             │       │                                │          │           │                 │ User: NT AUTHORITY\SYSTEM      │
│                     │                             │       │                                │          │           │                 │ UtcTime: 2023-03-29 10:42:16.0 │
│                     │                             │       │                                │          │           │                 │ 11                             │
├─────────────────────┼─────────────────────────────┼───────┼────────────────────────────────┼──────────┼───────────┼─────────────────┼────────────────────────────────┤
│ 2023-03-29 10:42:16 │ ‣ DNS Query Request By      │ 1     │ Microsoft-Windows-Sysmon       │ 5        │ 342       │ DESKTOP-3SJSFTI │ Image: C:\Windows\System32\reg │
│                     │ Regsvr32.EXE                │       │                                │          │           │                 │ svr32.exe                      │
